<component name="libraryTable">
  <library name="junit:junit-dep:4.4" type="repository">
    <properties maven-id="junit:junit-dep:4.4" />
    <CLASSES>
      <root url="jar://$PROJECT_DIR$/lib/junit-dep-4.4.jar!/" />
      <root url="jar://$PROJECT_DIR$/lib/hamcrest-core-1.1.jar!/" />
    </CLASSES>
    <JAVADOC />
    <SOURCES />
  </library>
</component>